Started GET "/" for ::1 at 2016-12-21 14:16:45 +0100
  [1m[36mActiveRecord::SchemaMigration Load (9.6ms)[0m  [1m[34mSELECT "schema_migrations".* FROM "schema_migrations"[0m
Processing by HomeController#index as HTML
  Rendering home/index.html.erb within layouts/application
  Rendered layouts/shared/_logo_header_menu.html.erb (2425.6ms)
  Rendered home/index.html.erb within layouts/application (3690.7ms)
  Rendered layouts/shared/_header.html.erb (4.6ms)
  Rendered layouts/shared/_footer.html.erb (4.0ms)
Completed 200 OK in 4244ms (Views: 4166.3ms | ActiveRecord: 0.0ms)


Started GET "/change_locale/fr" for ::1 at 2016-12-21 14:17:07 +0100
Processing by LanguageSettingsController#change_locale as HTML
  Parameters: {"locale"=>"fr"}
Redirected to http://localhost:3000/
Completed 302 Found in 28ms (ActiveRecord: 0.0ms)


Started GET "/" for ::1 at 2016-12-21 14:17:08 +0100
Processing by HomeController#index as HTML
  Rendering home/index.html.erb within layouts/application
  Rendered layouts/shared/_logo_header_menu.html.erb (50.1ms)
  Rendered home/index.html.erb within layouts/application (96.1ms)
  Rendered layouts/shared/_header.html.erb (22.1ms)
  Rendered layouts/shared/_footer.html.erb (6.2ms)
Completed 200 OK in 625ms (Views: 590.5ms | ActiveRecord: 0.0ms)


Started GET "/" for ::1 at 2016-12-21 14:18:06 +0100
Processing by HomeController#index as HTML
  Rendering home/index.html.erb within layouts/application
  Rendered layouts/shared/_logo_header_menu.html.erb (50.0ms)
  Rendered home/index.html.erb within layouts/application (76.0ms)
  Rendered layouts/shared/_header.html.erb (19.9ms)
  Rendered layouts/shared/_footer.html.erb (19.0ms)
Completed 200 OK in 600ms (Views: 579.9ms | ActiveRecord: 0.0ms)


Started GET "/" for ::1 at 2016-12-21 14:24:06 +0100
Processing by HomeController#index as HTML
  Rendering home/index.html.erb within layouts/application
  Rendered layouts/shared/_logo_header_menu.html.erb (28.4ms)
  Rendered home/index.html.erb within layouts/application (77.0ms)
  Rendered layouts/shared/_header.html.erb (20.5ms)
  Rendered layouts/shared/_footer.html.erb (3.3ms)
Completed 200 OK in 823ms (Views: 791.8ms | ActiveRecord: 0.0ms)


Started GET "/" for ::1 at 2016-12-21 14:27:06 +0100
Processing by HomeController#index as HTML
  Rendering home/index.html.erb within layouts/application
  Rendered layouts/shared/_logo_header_menu.html.erb (84.2ms)
  Rendered home/index.html.erb within layouts/application (127.5ms)
  Rendered layouts/shared/_header.html.erb (34.0ms)
  Rendered layouts/shared/_footer.html.erb (5.3ms)
Completed 200 OK in 935ms (Views: 887.0ms | ActiveRecord: 0.0ms)


